2017-09-06 15:19:11 INFO  ContextListener:34 - Log4J successfully init
2017-09-06 15:19:11 INFO  EncodingFilter:26 - App Encoding:  UTF-8
2017-09-06 15:19:45 INFO  ContextListener:34 - Log4J successfully init
2017-09-06 15:19:45 INFO  EncodingFilter:26 - App Encoding:  UTF-8
2017-09-06 15:19:48 DEBUG FrontController:39 - Controller start
2017-09-06 15:19:48 TRACE FrontController:44 - Request action:  registrationPage
2017-09-06 15:19:48 TRACE FrontController:45 - Obtained action:  ViewRegistrationPageAction
2017-09-06 15:19:48 TRACE FrontController:54 - Forward address --> /WEB-INF/jsp/registration.jsp
2017-09-06 15:19:48 DEBUG FrontController:55 - FrontController finished, now go to forward address --> /WEB-INF/jsp/registration.jsp
2017-09-06 15:19:48 DEBUG FrontController:56 - Controller end
2017-09-06 15:27:44 DEBUG FrontController:39 - Controller start
2017-09-06 15:27:44 TRACE FrontController:44 - Request action:  registrationPage
2017-09-06 15:27:44 TRACE FrontController:45 - Obtained action:  ViewRegistrationPageAction
2017-09-06 15:27:44 TRACE FrontController:54 - Forward address --> /WEB-INF/jsp/registration.jsp
2017-09-06 15:27:44 DEBUG FrontController:55 - FrontController finished, now go to forward address --> /WEB-INF/jsp/registration.jsp
2017-09-06 15:27:44 DEBUG FrontController:56 - Controller end
2017-09-06 15:27:46 DEBUG FrontController:39 - Controller start
2017-09-06 15:27:46 TRACE FrontController:44 - Request action:  login
2017-09-06 15:27:46 TRACE FrontController:45 - Obtained action:  LoginAction
2017-09-06 15:27:46 DEBUG LoginAction:28 - Action start
2017-09-06 15:27:46 TRACE LoginAction:34 - User login:  
2017-09-06 15:27:46 TRACE FrontController:54 - Forward address --> /WEB-INF/jsp/login.jsp
2017-09-06 15:27:46 DEBUG FrontController:55 - FrontController finished, now go to forward address --> /WEB-INF/jsp/login.jsp
2017-09-06 15:27:46 DEBUG FrontController:56 - Controller end
2017-09-06 15:27:49 DEBUG FrontController:39 - Controller start
2017-09-06 15:27:49 TRACE FrontController:44 - Request action:  registrationPage
2017-09-06 15:27:49 TRACE FrontController:45 - Obtained action:  ViewRegistrationPageAction
2017-09-06 15:27:49 TRACE FrontController:54 - Forward address --> /WEB-INF/jsp/registration.jsp
2017-09-06 15:27:49 DEBUG FrontController:55 - FrontController finished, now go to forward address --> /WEB-INF/jsp/registration.jsp
2017-09-06 15:27:49 DEBUG FrontController:56 - Controller end
2017-09-06 15:29:20 DEBUG FrontController:39 - Controller start
2017-09-06 15:29:20 TRACE FrontController:44 - Request action:  registrationPage
2017-09-06 15:29:20 TRACE FrontController:45 - Obtained action:  ViewRegistrationPageAction
2017-09-06 15:29:20 TRACE FrontController:54 - Forward address --> /WEB-INF/jsp/registration.jsp
2017-09-06 15:29:20 DEBUG FrontController:55 - FrontController finished, now go to forward address --> /WEB-INF/jsp/registration.jsp
2017-09-06 15:29:20 DEBUG FrontController:56 - Controller end
